~~~~~~~ rsync -rtlvH --delete-after --delay-updates --safe-links --max-delete=1000 rsync://mirror.aarnet.edu.au/archlinux//pool/ ./pool/ ~~~~~~

Welcome to mirror.aarnet.edu.au - AARNet's mirror service
----------------------------------------------------------------

Content is available via:
	rsync://mirror.aarnet.edu.au/
	ftp://mirror.aarnet.edu.au/
	http://mirror.aarnet.edu.au/

Please read the FAQ at http://mirror.aarnet.edu.au/indexfaq.html

----------------------------------------------------------------

Feedback and queries are welcome to mirror@aarnet.edu.au


receiving file list ... done
community/
community/adesklet-weatherforecast-0.2.2-2-any.pkg.tar.xz
community/cgmail-0.6.2-2-any.pkg.tar.xz
community/clive-2.2.16-1-i686.pkg.tar.xz
community/clive-2.2.16-1-x86_64.pkg.tar.xz
community/ibus-anthy-1.2.1-1-i686.pkg.tar.xz
community/ibus-anthy-1.2.1-1-x86_64.pkg.tar.xz
community/perl-xyne-arch-2010.10.05.1-1-any.pkg.tar.xz
community/perl-xyne-common-2010.10.05.1-1-any.pkg.tar.xz
community/php-memcache-3.0.5-1-i686.pkg.tar.xz
community/php-memcache-3.0.5-1-x86_64.pkg.tar.xz
community/python-markdown-2.0.3-5-any.pkg.tar.xz
community/rawtherapee-3.0a1_316-3-i686.pkg.tar.xz
community/rawtherapee-3.0a1_316-3-x86_64.pkg.tar.xz
community/rekonq-0.6.1-1-i686.pkg.tar.xz
community/rekonq-0.6.1-1-x86_64.pkg.tar.xz
community/stunnel-4.34-1-i686.pkg.tar.xz
community/stunnel-4.34-1-x86_64.pkg.tar.xz
community/virtualbox-ose-3.2.8-4-i686.pkg.tar.xz
community/virtualbox-ose-3.2.8-4-x86_64.pkg.tar.xz
community/virtualbox-ose-3.2.8-5-i686.pkg.tar.xz
community/virtualbox-ose-3.2.8-5-x86_64.pkg.tar.xz
community/virtualbox-ose-additions-3.2.8-4-i686.pkg.tar.xz
community/virtualbox-ose-additions-3.2.8-4-x86_64.pkg.tar.xz
community/virtualbox-ose-additions-3.2.8-5-i686.pkg.tar.xz
community/virtualbox-ose-additions-3.2.8-5-x86_64.pkg.tar.xz
community/virtualbox-ose-additions-modules-3.2.8-4-i686.pkg.tar.xz
community/virtualbox-ose-additions-modules-3.2.8-4-x86_64.pkg.tar.xz
community/virtualbox-ose-additions-modules-3.2.8-5-i686.pkg.tar.xz
community/virtualbox-ose-additions-modules-3.2.8-5-x86_64.pkg.tar.xz
packages/
packages/apr-util-1.3.10-1-i686.pkg.tar.xz
packages/apr-util-1.3.10-1-x86_64.pkg.tar.xz
packages/ardour-2.8.11-1.1-x86_64.pkg.tar.xz
packages/aria2-1.10.3-1-i686.pkg.tar.xz
packages/aria2-1.10.3-1-x86_64.pkg.tar.xz
packages/arora-0.11.0-1-i686.pkg.tar.xz
packages/arora-0.11.0-1-x86_64.pkg.tar.xz
packages/avahi-0.6.27-7-i686.pkg.tar.xz
packages/avahi-0.6.27-7-x86_64.pkg.tar.xz
packages/avogadro-1.0.1-1-i686.pkg.tar.xz
packages/avogadro-1.0.1-1-x86_64.pkg.tar.xz
packages/bluefish-2.0.2-1-i686.pkg.tar.xz
packages/bluefish-2.0.2-1-x86_64.pkg.tar.xz
packages/docbook-xsl-1.76.0-2-any.pkg.tar.xz
packages/docbook-xsl-1.76.0-3-any.pkg.tar.xz
packages/freetype2-2.4.3-1-i686.pkg.tar.xz
packages/freetype2-2.4.3-1-x86_64.pkg.tar.xz
packages/kde-l10n-ar-4.5.2-1-any.pkg.tar.xz
packages/kde-l10n-bg-4.5.2-1-any.pkg.tar.xz
packages/kde-l10n-ca-4.5.2-1-any.pkg.tar.xz
packages/kde-l10n-ca@valencia-4.5.2-1-any.pkg.tar.xz
packages/kde-l10n-cs-4.5.2-1-any.pkg.tar.xz
packages/kde-l10n-da-4.5.2-1-any.pkg.tar.xz
packages/kde-l10n-de-4.5.2-1-any.pkg.tar.xz
packages/kde-l10n-el-4.5.2-1-any.pkg.tar.xz
packages/kde-l10n-en_gb-4.5.2-1-any.pkg.tar.xz
packages/kde-l10n-eo-4.5.2-1-any.pkg.tar.xz
packages/kde-l10n-es-4.5.2-1-any.pkg.tar.xz
packages/kde-l10n-et-4.5.2-1-any.pkg.tar.xz
packages/kde-l10n-eu-4.5.2-1-any.pkg.tar.xz
packages/kde-l10n-fi-4.5.2-1-any.pkg.tar.xz
packages/kde-l10n-fr-4.5.2-1-any.pkg.tar.xz
packages/kde-l10n-fy-4.5.2-1-any.pkg.tar.xz
packages/kde-l10n-ga-4.5.2-1-any.pkg.tar.xz
packages/kde-l10n-gl-4.5.2-1-any.pkg.tar.xz
packages/kde-l10n-gu-4.5.2-1-any.pkg.tar.xz
packages/kde-l10n-he-4.5.2-1-any.pkg.tar.xz
packages/kde-l10n-hi-4.5.2-1-any.pkg.tar.xz
packages/kde-l10n-hr-4.5.2-1-any.pkg.tar.xz
packages/kde-l10n-hu-4.5.2-1-any.pkg.tar.xz
packages/kde-l10n-ia-4.5.2-1-any.pkg.tar.xz
packages/kde-l10n-id-4.5.2-1-any.pkg.tar.xz
packages/kde-l10n-is-4.5.2-1-any.pkg.tar.xz
packages/kde-l10n-it-4.5.2-1-any.pkg.tar.xz
packages/kde-l10n-ja-4.5.2-1-any.pkg.tar.xz
packages/kde-l10n-kk-4.5.2-1-any.pkg.tar.xz
packages/kde-l10n-km-4.5.2-1-any.pkg.tar.xz
packages/kde-l10n-kn-4.5.2-1-any.pkg.tar.xz
packages/kde-l10n-ko-4.5.2-1-any.pkg.tar.xz
packages/kde-l10n-lt-4.5.2-1-any.pkg.tar.xz
packages/kde-l10n-lv-4.5.2-1-any.pkg.tar.xz
packages/kde-l10n-ml-4.5.2-1-any.pkg.tar.xz
packages/kde-l10n-nb-4.5.2-1-any.pkg.tar.xz
packages/kde-l10n-nds-4.5.2-1-any.pkg.tar.xz
packages/kde-l10n-nl-4.5.2-1-any.pkg.tar.xz
packages/kde-l10n-nn-4.5.2-1-any.pkg.tar.xz
packages/kde-l10n-pa-4.5.2-1-any.pkg.tar.xz
packages/kde-l10n-pl-4.5.2-1-any.pkg.tar.xz
packages/kde-l10n-pt-4.5.2-1-any.pkg.tar.xz
packages/kde-l10n-pt_br-4.5.2-1-any.pkg.tar.xz
packages/kde-l10n-ro-4.5.2-1-any.pkg.tar.xz
packages/kde-l10n-ru-4.5.2-1-any.pkg.tar.xz
packages/kde-l10n-sk-4.5.2-1-any.pkg.tar.xz
packages/kde-l10n-sl-4.5.2-1-any.pkg.tar.xz
packages/kde-l10n-sr-4.5.2-1-any.pkg.tar.xz
packages/kde-l10n-sv-4.5.2-1-any.pkg.tar.xz
packages/kde-l10n-th-4.5.2-1-any.pkg.tar.xz
packages/kde-l10n-tr-4.5.2-1-any.pkg.tar.xz
packages/kde-l10n-uk-4.5.2-1-any.pkg.tar.xz
packages/kde-l10n-wa-4.5.2-1-any.pkg.tar.xz
packages/kde-l10n-zh_cn-4.5.2-1-any.pkg.tar.xz
packages/kde-l10n-zh_tw-4.5.2-1-any.pkg.tar.xz
packages/kdeaccessibility-colorschemes-4.5.2-1-i686.pkg.tar.xz
packages/kdeaccessibility-colorschemes-4.5.2-1-x86_64.pkg.tar.xz
packages/kdeaccessibility-iconthemes-4.5.2-1-i686.pkg.tar.xz
packages/kdeaccessibility-iconthemes-4.5.2-1-x86_64.pkg.tar.xz
packages/kdeaccessibility-kmag-4.5.2-1-i686.pkg.tar.xz
packages/kdeaccessibility-kmag-4.5.2-1-x86_64.pkg.tar.xz
packages/kdeaccessibility-kmousetool-4.5.2-1-i686.pkg.tar.xz
packages/kdeaccessibility-kmousetool-4.5.2-1-x86_64.pkg.tar.xz
packages/kdeaccessibility-kmouth-4.5.2-1-i686.pkg.tar.xz
packages/kdeaccessibility-kmouth-4.5.2-1-x86_64.pkg.tar.xz
packages/kdeadmin-kcron-4.5.2-1-i686.pkg.tar.xz
packages/kdeadmin-kcron-4.5.2-1-x86_64.pkg.tar.xz
packages/kdeadmin-ksystemlog-4.5.2-1-i686.pkg.tar.xz
packages/kdeadmin-ksystemlog-4.5.2-1-x86_64.pkg.tar.xz
packages/kdeadmin-kuser-4.5.2-1-i686.pkg.tar.xz
packages/kdeadmin-kuser-4.5.2-1-x86_64.pkg.tar.xz
packages/kdeadmin-system-config-printer-kde-4.5.2-1-i686.pkg.tar.xz
packages/kdeadmin-system-config-printer-kde-4.5.2-1-x86_64.pkg.tar.xz
packages/kdeartwork-aurorae-4.5.2-1-i686.pkg.tar.xz
packages/kdeartwork-aurorae-4.5.2-1-x86_64.pkg.tar.xz
packages/kdeartwork-colorschemes-4.5.2-1-i686.pkg.tar.xz
packages/kdeartwork-colorschemes-4.5.2-1-x86_64.pkg.tar.xz
packages/kdeartwork-desktopthemes-4.5.2-1-i686.pkg.tar.xz
packages/kdeartwork-desktopthemes-4.5.2-1-x86_64.pkg.tar.xz
packages/kdeartwork-emoticons-4.5.2-1-i686.pkg.tar.xz
packages/kdeartwork-emoticons-4.5.2-1-x86_64.pkg.tar.xz
packages/kdeartwork-iconthemes-4.5.2-1-i686.pkg.tar.xz
packages/kdeartwork-iconthemes-4.5.2-1-x86_64.pkg.tar.xz
packages/kdeartwork-kscreensaver-4.5.2-1-i686.pkg.tar.xz
packages/kdeartwork-kscreensaver-4.5.2-1-x86_64.pkg.tar.xz
packages/kdeartwork-sounds-4.5.2-1-i686.pkg.tar.xz
packages/kdeartwork-sounds-4.5.2-1-x86_64.pkg.tar.xz
packages/kdeartwork-styles-4.5.2-1-i686.pkg.tar.xz
packages/kdeartwork-styles-4.5.2-1-x86_64.pkg.tar.xz
packages/kdeartwork-wallpapers-4.5.2-1-i686.pkg.tar.xz
packages/kdeartwork-wallpapers-4.5.2-1-x86_64.pkg.tar.xz
packages/kdeartwork-weatherwallpapers-4.5.2-1-i686.pkg.tar.xz
packages/kdeartwork-weatherwallpapers-4.5.2-1-x86_64.pkg.tar.xz
packages/kdebase-dolphin-4.5.2-1-i686.pkg.tar.xz
packages/kdebase-dolphin-4.5.2-1-x86_64.pkg.tar.xz
packages/kdebase-kdepasswd-4.5.2-1-i686.pkg.tar.xz
packages/kdebase-kdepasswd-4.5.2-1-x86_64.pkg.tar.xz
packages/kdebase-kdialog-4.5.2-1-i686.pkg.tar.xz
packages/kdebase-kdialog-4.5.2-1-x86_64.pkg.tar.xz
packages/kdebase-kfind-4.5.2-1-i686.pkg.tar.xz
packages/kdebase-kfind-4.5.2-1-x86_64.pkg.tar.xz
packages/kdebase-konqueror-4.5.2-1-i686.pkg.tar.xz
packages/kdebase-konqueror-4.5.2-1-x86_64.pkg.tar.xz
packages/kdebase-konsole-4.5.2-1-i686.pkg.tar.xz
packages/kdebase-konsole-4.5.2-1-x86_64.pkg.tar.xz
packages/kdebase-kwrite-4.5.2-1-i686.pkg.tar.xz
packages/kdebase-kwrite-4.5.2-1-x86_64.pkg.tar.xz
packages/kdebase-lib-4.5.2-1-i686.pkg.tar.xz
packages/kdebase-lib-4.5.2-1-x86_64.pkg.tar.xz
packages/kdebase-plasma-4.5.2-1-i686.pkg.tar.xz
packages/kdebase-plasma-4.5.2-1-x86_64.pkg.tar.xz
packages/kdebase-runtime-4.5.2-1-i686.pkg.tar.xz
packages/kdebase-runtime-4.5.2-1-x86_64.pkg.tar.xz
packages/kdebase-workspace-4.5.2-1-i686.pkg.tar.xz
packages/kdebase-workspace-4.5.2-1-x86_64.pkg.tar.xz
packages/kdebase-workspace-4.5.2-2-i686.pkg.tar.xz
packages/kdebase-workspace-4.5.2-2-x86_64.pkg.tar.xz
packages/kdebindings-csharp-4.5.2-1-i686.pkg.tar.xz
packages/kdebindings-csharp-4.5.2-1-x86_64.pkg.tar.xz
packages/kdebindings-csharp-4.5.2-2-i686.pkg.tar.xz
packages/kdebindings-csharp-4.5.2-2-x86_64.pkg.tar.xz
packages/kdebindings-python-4.5.2-1-i686.pkg.tar.xz
packages/kdebindings-python-4.5.2-1-x86_64.pkg.tar.xz
packages/kdebindings-python-4.5.2-2-i686.pkg.tar.xz
packages/kdebindings-python-4.5.2-2-x86_64.pkg.tar.xz
packages/kdebindings-smoke-4.5.2-1-i686.pkg.tar.xz
packages/kdebindings-smoke-4.5.2-1-x86_64.pkg.tar.xz
packages/kdebindings-smoke-4.5.2-2-i686.pkg.tar.xz
packages/kdebindings-smoke-4.5.2-2-x86_64.pkg.tar.xz
packages/kdeedu-blinken-4.5.2-1-i686.pkg.tar.xz
packages/kdeedu-blinken-4.5.2-1-x86_64.pkg.tar.xz
packages/kdeedu-blinken-4.5.2-2-i686.pkg.tar.xz
packages/kdeedu-blinken-4.5.2-2-x86_64.pkg.tar.xz
packages/kdeedu-cantor-4.5.2-1-i686.pkg.tar.xz
packages/kdeedu-cantor-4.5.2-1-x86_64.pkg.tar.xz
packages/kdeedu-cantor-4.5.2-2-i686.pkg.tar.xz
packages/kdeedu-cantor-4.5.2-2-x86_64.pkg.tar.xz
packages/kdeedu-data-4.5.2-1-i686.pkg.tar.xz
packages/kdeedu-data-4.5.2-1-x86_64.pkg.tar.xz
packages/kdeedu-data-4.5.2-2-i686.pkg.tar.xz
packages/kdeedu-data-4.5.2-2-x86_64.pkg.tar.xz
packages/kdeedu-kalgebra-4.5.2-1-i686.pkg.tar.xz
packages/kdeedu-kalgebra-4.5.2-1-x86_64.pkg.tar.xz
packages/kdeedu-kalgebra-4.5.2-2-i686.pkg.tar.xz
packages/kdeedu-kalgebra-4.5.2-2-x86_64.pkg.tar.xz
packages/kdeedu-kalzium-4.5.2-1-i686.pkg.tar.xz
packages/kdeedu-kalzium-4.5.2-1-x86_64.pkg.tar.xz
packages/kdeedu-kalzium-4.5.2-2-i686.pkg.tar.xz
packages/kdeedu-kalzium-4.5.2-2-x86_64.pkg.tar.xz
packages/kdeedu-kanagram-4.5.2-1-i686.pkg.tar.xz
packages/kdeedu-kanagram-4.5.2-1-x86_64.pkg.tar.xz
packages/kdeedu-kanagram-4.5.2-2-i686.pkg.tar.xz
packages/kdeedu-kanagram-4.5.2-2-x86_64.pkg.tar.xz
packages/kdeedu-kbruch-4.5.2-1-i686.pkg.tar.xz
packages/kdeedu-kbruch-4.5.2-1-x86_64.pkg.tar.xz
packages/kdeedu-kbruch-4.5.2-2-i686.pkg.tar.xz
packages/kdeedu-kbruch-4.5.2-2-x86_64.pkg.tar.xz
packages/kdeedu-kgeography-4.5.2-1-i686.pkg.tar.xz
packages/kdeedu-kgeography-4.5.2-1-x86_64.pkg.tar.xz
packages/kdeedu-kgeography-4.5.2-2-i686.pkg.tar.xz
packages/kdeedu-kgeography-4.5.2-2-x86_64.pkg.tar.xz
packages/kdeedu-khangman-4.5.2-1-i686.pkg.tar.xz
packages/kdeedu-khangman-4.5.2-1-x86_64.pkg.tar.xz
packages/kdeedu-khangman-4.5.2-2-i686.pkg.tar.xz
packages/kdeedu-khangman-4.5.2-2-x86_64.pkg.tar.xz
packages/kdeedu-kig-4.5.2-1-i686.pkg.tar.xz
packages/kdeedu-kig-4.5.2-1-x86_64.pkg.tar.xz
packages/kdeedu-kig-4.5.2-2-i686.pkg.tar.xz
packages/kdeedu-kig-4.5.2-2-x86_64.pkg.tar.xz
packages/kdeedu-kiten-4.5.2-1-i686.pkg.tar.xz
packages/kdeedu-kiten-4.5.2-1-x86_64.pkg.tar.xz
packages/kdeedu-kiten-4.5.2-2-i686.pkg.tar.xz
packages/kdeedu-kiten-4.5.2-2-x86_64.pkg.tar.xz
packages/kdeedu-klettres-4.5.2-1-i686.pkg.tar.xz
packages/kdeedu-klettres-4.5.2-1-x86_64.pkg.tar.xz
packages/kdeedu-klettres-4.5.2-2-i686.pkg.tar.xz
packages/kdeedu-klettres-4.5.2-2-x86_64.pkg.tar.xz
packages/kdeedu-kmplot-4.5.2-1-i686.pkg.tar.xz
packages/kdeedu-kmplot-4.5.2-1-x86_64.pkg.tar.xz
packages/kdeedu-kmplot-4.5.2-2-i686.pkg.tar.xz
packages/kdeedu-kmplot-4.5.2-2-x86_64.pkg.tar.xz
packages/kdeedu-kstars-4.5.2-1-i686.pkg.tar.xz
packages/kdeedu-kstars-4.5.2-1-x86_64.pkg.tar.xz
packages/kdeedu-kstars-4.5.2-2-i686.pkg.tar.xz
packages/kdeedu-kstars-4.5.2-2-x86_64.pkg.tar.xz
packages/kdeedu-ktouch-4.5.2-1-i686.pkg.tar.xz
packages/kdeedu-ktouch-4.5.2-1-x86_64.pkg.tar.xz
packages/kdeedu-ktouch-4.5.2-2-i686.pkg.tar.xz
packages/kdeedu-ktouch-4.5.2-2-x86_64.pkg.tar.xz
packages/kdeedu-kturtle-4.5.2-1-i686.pkg.tar.xz
packages/kdeedu-kturtle-4.5.2-1-x86_64.pkg.tar.xz
packages/kdeedu-kturtle-4.5.2-2-i686.pkg.tar.xz
packages/kdeedu-kturtle-4.5.2-2-x86_64.pkg.tar.xz
packages/kdeedu-kwordquiz-4.5.2-1-i686.pkg.tar.xz
packages/kdeedu-kwordquiz-4.5.2-1-x86_64.pkg.tar.xz
packages/kdeedu-kwordquiz-4.5.2-2-i686.pkg.tar.xz
packages/kdeedu-kwordquiz-4.5.2-2-x86_64.pkg.tar.xz
packages/kdeedu-libkdeedu-4.5.2-1-i686.pkg.tar.xz
packages/kdeedu-libkdeedu-4.5.2-1-x86_64.pkg.tar.xz
packages/kdeedu-libkdeedu-4.5.2-2-i686.pkg.tar.xz
packages/kdeedu-libkdeedu-4.5.2-2-x86_64.pkg.tar.xz
packages/kdeedu-marble-4.5.2-1-i686.pkg.tar.xz
packages/kdeedu-marble-4.5.2-1-x86_64.pkg.tar.xz
packages/kdeedu-marble-4.5.2-2-i686.pkg.tar.xz
packages/kdeedu-marble-4.5.2-2-x86_64.pkg.tar.xz
packages/kdeedu-parley-4.5.2-1-i686.pkg.tar.xz
packages/kdeedu-parley-4.5.2-1-x86_64.pkg.tar.xz
packages/kdeedu-parley-4.5.2-2-i686.pkg.tar.xz
packages/kdeedu-parley-4.5.2-2-x86_64.pkg.tar.xz
packages/kdeedu-rocs-4.5.2-1-i686.pkg.tar.xz
packages/kdeedu-rocs-4.5.2-1-x86_64.pkg.tar.xz
packages/kdeedu-rocs-4.5.2-2-i686.pkg.tar.xz
packages/kdeedu-rocs-4.5.2-2-x86_64.pkg.tar.xz
packages/kdeedu-step-4.5.2-1-i686.pkg.tar.xz
packages/kdeedu-step-4.5.2-1-x86_64.pkg.tar.xz
packages/kdeedu-step-4.5.2-2-i686.pkg.tar.xz
packages/kdeedu-step-4.5.2-2-x86_64.pkg.tar.xz
packages/kdegames-bomber-4.5.2-1-i686.pkg.tar.xz
packages/kdegames-bomber-4.5.2-1-x86_64.pkg.tar.xz
packages/kdegames-bovo-4.5.2-1-i686.pkg.tar.xz
packages/kdegames-bovo-4.5.2-1-x86_64.pkg.tar.xz
packages/kdegames-granatier-4.5.2-1-i686.pkg.tar.xz
packages/kdegames-granatier-4.5.2-1-x86_64.pkg.tar.xz
packages/kdegames-kajongg-4.5.2-1-i686.pkg.tar.xz
packages/kdegames-kajongg-4.5.2-1-x86_64.pkg.tar.xz
packages/kdegames-kapman-4.5.2-1-i686.pkg.tar.xz
packages/kdegames-kapman-4.5.2-1-x86_64.pkg.tar.xz
packages/kdegames-katomic-4.5.2-1-i686.pkg.tar.xz
packages/kdegames-katomic-4.5.2-1-x86_64.pkg.tar.xz
packages/kdegames-kbattleship-4.5.2-1-i686.pkg.tar.xz
packages/kdegames-kbattleship-4.5.2-1-x86_64.pkg.tar.xz
packages/kdegames-kblackbox-4.5.2-1-i686.pkg.tar.xz
packages/kdegames-kblackbox-4.5.2-1-x86_64.pkg.tar.xz
packages/kdegames-kblocks-4.5.2-1-i686.pkg.tar.xz
packages/kdegames-kblocks-4.5.2-1-x86_64.pkg.tar.xz
packages/kdegames-kbounce-4.5.2-1-i686.pkg.tar.xz
packages/kdegames-kbounce-4.5.2-1-x86_64.pkg.tar.xz
packages/kdegames-kbreakout-4.5.2-1-i686.pkg.tar.xz
packages/kdegames-kbreakout-4.5.2-1-x86_64.pkg.tar.xz
packages/kdegames-kdiamond-4.5.2-1-i686.pkg.tar.xz
packages/kdegames-kdiamond-4.5.2-1-x86_64.pkg.tar.xz
packages/kdegames-kfourinline-4.5.2-1-i686.pkg.tar.xz
packages/kdegames-kfourinline-4.5.2-1-x86_64.pkg.tar.xz
packages/kdegames-kgoldrunner-4.5.2-1-i686.pkg.tar.xz
packages/kdegames-kgoldrunner-4.5.2-1-x86_64.pkg.tar.xz
packages/kdegames-kigo-4.5.2-1-i686.pkg.tar.xz
packages/kdegames-kigo-4.5.2-1-x86_64.pkg.tar.xz
packages/kdegames-killbots-4.5.2-1-i686.pkg.tar.xz
packages/kdegames-killbots-4.5.2-1-x86_64.pkg.tar.xz
packages/kdegames-kiriki-4.5.2-1-i686.pkg.tar.xz
packages/kdegames-kiriki-4.5.2-1-x86_64.pkg.tar.xz
packages/kdegames-kjumpingcube-4.5.2-1-i686.pkg.tar.xz
packages/kdegames-kjumpingcube-4.5.2-1-x86_64.pkg.tar.xz
packages/kdegames-klines-4.5.2-1-i686.pkg.tar.xz
packages/kdegames-klines-4.5.2-1-x86_64.pkg.tar.xz
packages/kdegames-kmahjongg-4.5.2-1-i686.pkg.tar.xz
packages/kdegames-kmahjongg-4.5.2-1-x86_64.pkg.tar.xz
packages/kdegames-kmines-4.5.2-1-i686.pkg.tar.xz
packages/kdegames-kmines-4.5.2-1-x86_64.pkg.tar.xz
packages/kdegames-knetwalk-4.5.2-1-i686.pkg.tar.xz
packages/kdegames-knetwalk-4.5.2-1-x86_64.pkg.tar.xz
packages/kdegames-kolf-4.5.2-1-i686.pkg.tar.xz
packages/kdegames-kolf-4.5.2-1-x86_64.pkg.tar.xz
packages/kdegames-kollision-4.5.2-1-i686.pkg.tar.xz
packages/kdegames-kollision-4.5.2-1-x86_64.pkg.tar.xz
packages/kdegames-konquest-4.5.2-1-i686.pkg.tar.xz
packages/kdegames-konquest-4.5.2-1-x86_64.pkg.tar.xz
packages/kdegames-kpatience-4.5.2-1-i686.pkg.tar.xz
packages/kdegames-kpatience-4.5.2-1-x86_64.pkg.tar.xz
packages/kdegames-kreversi-4.5.2-1-i686.pkg.tar.xz
packages/kdegames-kreversi-4.5.2-1-x86_64.pkg.tar.xz
packages/kdegames-ksame-4.5.2-1-i686.pkg.tar.xz
packages/kdegames-ksame-4.5.2-1-x86_64.pkg.tar.xz
packages/kdegames-kshisen-4.5.2-1-i686.pkg.tar.xz
packages/kdegames-kshisen-4.5.2-1-x86_64.pkg.tar.xz
packages/kdegames-ksirk-4.5.2-1-i686.pkg.tar.xz
packages/kdegames-ksirk-4.5.2-1-x86_64.pkg.tar.xz
packages/kdegames-kspaceduel-4.5.2-1-i686.pkg.tar.xz
packages/kdegames-kspaceduel-4.5.2-1-x86_64.pkg.tar.xz
packages/kdegames-ksquares-4.5.2-1-i686.pkg.tar.xz
packages/kdegames-ksquares-4.5.2-1-x86_64.pkg.tar.xz
packages/kdegames-ksudoku-4.5.2-1-i686.pkg.tar.xz
packages/kdegames-ksudoku-4.5.2-1-x86_64.pkg.tar.xz
packages/kdegames-ktron-4.5.2-1-i686.pkg.tar.xz
packages/kdegames-ktron-4.5.2-1-x86_64.pkg.tar.xz
packages/kdegames-ktuberling-4.5.2-1-i686.pkg.tar.xz
packages/kdegames-ktuberling-4.5.2-1-x86_64.pkg.tar.xz
packages/kdegames-kubrick-4.5.2-1-i686.pkg.tar.xz
packages/kdegames-kubrick-4.5.2-1-x86_64.pkg.tar.xz
packages/kdegames-libkdegames-4.5.2-1-i686.pkg.tar.xz
packages/kdegames-libkdegames-4.5.2-1-x86_64.pkg.tar.xz
packages/kdegames-libkmahjongg-4.5.2-1-i686.pkg.tar.xz
packages/kdegames-libkmahjongg-4.5.2-1-x86_64.pkg.tar.xz
packages/kdegames-lskat-4.5.2-1-i686.pkg.tar.xz
packages/kdegames-lskat-4.5.2-1-x86_64.pkg.tar.xz
packages/kdegames-palapeli-4.5.2-1-i686.pkg.tar.xz
packages/kdegames-palapeli-4.5.2-1-x86_64.pkg.tar.xz
packages/kdegraphics-gwenview-4.5.2-1-i686.pkg.tar.xz
packages/kdegraphics-gwenview-4.5.2-1-x86_64.pkg.tar.xz
packages/kdegraphics-kamera-4.5.2-1-i686.pkg.tar.xz
packages/kdegraphics-kamera-4.5.2-1-x86_64.pkg.tar.xz
packages/kdegraphics-kcolorchooser-4.5.2-1-i686.pkg.tar.xz
packages/kdegraphics-kcolorchooser-4.5.2-1-x86_64.pkg.tar.xz
packages/kdegraphics-kgamma-4.5.2-1-i686.pkg.tar.xz
packages/kdegraphics-kgamma-4.5.2-1-x86_64.pkg.tar.xz
packages/kdegraphics-kolourpaint-4.5.2-1-i686.pkg.tar.xz
packages/kdegraphics-kolourpaint-4.5.2-1-x86_64.pkg.tar.xz
packages/kdegraphics-kruler-4.5.2-1-i686.pkg.tar.xz
packages/kdegraphics-kruler-4.5.2-1-x86_64.pkg.tar.xz
packages/kdegraphics-ksnapshot-4.5.2-1-i686.pkg.tar.xz
packages/kdegraphics-ksnapshot-4.5.2-1-x86_64.pkg.tar.xz
packages/kdegraphics-libs-4.5.2-1-i686.pkg.tar.xz
packages/kdegraphics-libs-4.5.2-1-x86_64.pkg.tar.xz
packages/kdegraphics-okular-4.5.2-1-i686.pkg.tar.xz
packages/kdegraphics-okular-4.5.2-1-x86_64.pkg.tar.xz
packages/kdelibs-4.5.2-1-i686.pkg.tar.xz
packages/kdelibs-4.5.2-1-x86_64.pkg.tar.xz
packages/kdemultimedia-dragonplayer-4.5.2-1-i686.pkg.tar.xz
packages/kdemultimedia-dragonplayer-4.5.2-1-x86_64.pkg.tar.xz
packages/kdemultimedia-ffmpegthumbs-4.5.2-1-i686.pkg.tar.xz
packages/kdemultimedia-ffmpegthumbs-4.5.2-1-x86_64.pkg.tar.xz
packages/kdemultimedia-juk-4.5.2-1-i686.pkg.tar.xz
packages/kdemultimedia-juk-4.5.2-1-x86_64.pkg.tar.xz
packages/kdemultimedia-kioslave-4.5.2-1-i686.pkg.tar.xz
packages/kdemultimedia-kioslave-4.5.2-1-x86_64.pkg.tar.xz
packages/kdemultimedia-kmix-4.5.2-1-i686.pkg.tar.xz
packages/kdemultimedia-kmix-4.5.2-1-x86_64.pkg.tar.xz
packages/kdemultimedia-kscd-4.5.2-1-i686.pkg.tar.xz
packages/kdemultimedia-kscd-4.5.2-1-x86_64.pkg.tar.xz
packages/kdemultimedia-mplayerthumbs-4.5.2-1-i686.pkg.tar.xz
packages/kdemultimedia-mplayerthumbs-4.5.2-1-x86_64.pkg.tar.xz
packages/kdenetwork-filesharing-4.5.2-1-i686.pkg.tar.xz
packages/kdenetwork-filesharing-4.5.2-1-x86_64.pkg.tar.xz
packages/kdenetwork-kdnssd-4.5.2-1-i686.pkg.tar.xz
packages/kdenetwork-kdnssd-4.5.2-1-x86_64.pkg.tar.xz
packages/kdenetwork-kget-4.5.2-1-i686.pkg.tar.xz
packages/kdenetwork-kget-4.5.2-1-x86_64.pkg.tar.xz
packages/kdenetwork-kopete-4.5.2-1-i686.pkg.tar.xz
packages/kdenetwork-kopete-4.5.2-1-x86_64.pkg.tar.xz
packages/kdenetwork-kppp-4.5.2-1-i686.pkg.tar.xz
packages/kdenetwork-kppp-4.5.2-1-x86_64.pkg.tar.xz
packages/kdenetwork-krdc-4.5.2-1-i686.pkg.tar.xz
packages/kdenetwork-krdc-4.5.2-1-x86_64.pkg.tar.xz
packages/kdenetwork-krfb-4.5.2-1-i686.pkg.tar.xz
packages/kdenetwork-krfb-4.5.2-1-x86_64.pkg.tar.xz
packages/kdepimlibs-4.5.2-1-i686.pkg.tar.xz
packages/kdepimlibs-4.5.2-1-x86_64.pkg.tar.xz
packages/kdeplasma-addons-applets-bball-4.5.2-1-i686.pkg.tar.xz
packages/kdeplasma-addons-applets-bball-4.5.2-1-x86_64.pkg.tar.xz
packages/kdeplasma-addons-applets-binary-clock-4.5.2-1-i686.pkg.tar.xz
packages/kdeplasma-addons-applets-binary-clock-4.5.2-1-x86_64.pkg.tar.xz
packages/kdeplasma-addons-applets-blackboard-4.5.2-1-i686.pkg.tar.xz
packages/kdeplasma-addons-applets-blackboard-4.5.2-1-x86_64.pkg.tar.xz
packages/kdeplasma-addons-applets-bookmarks-4.5.2-1-i686.pkg.tar.xz
packages/kdeplasma-addons-applets-bookmarks-4.5.2-1-x86_64.pkg.tar.xz
packages/kdeplasma-addons-applets-bubblemon-4.5.2-1-i686.pkg.tar.xz
packages/kdeplasma-addons-applets-bubblemon-4.5.2-1-x86_64.pkg.tar.xz
packages/kdeplasma-addons-applets-calculator-4.5.2-1-i686.pkg.tar.xz
packages/kdeplasma-addons-applets-calculator-4.5.2-1-x86_64.pkg.tar.xz
packages/kdeplasma-addons-applets-charselect-4.5.2-1-i686.pkg.tar.xz
packages/kdeplasma-addons-applets-charselect-4.5.2-1-x86_64.pkg.tar.xz
packages/kdeplasma-addons-applets-comic-4.5.2-1-i686.pkg.tar.xz
packages/kdeplasma-addons-applets-comic-4.5.2-1-x86_64.pkg.tar.xz
packages/kdeplasma-addons-applets-community-4.5.2-1-i686.pkg.tar.xz
packages/kdeplasma-addons-applets-community-4.5.2-1-x86_64.pkg.tar.xz
packages/kdeplasma-addons-applets-dict-4.5.2-1-i686.pkg.tar.xz
packages/kdeplasma-addons-applets-dict-4.5.2-1-x86_64.pkg.tar.xz
packages/kdeplasma-addons-applets-eyes-4.5.2-1-i686.pkg.tar.xz
packages/kdeplasma-addons-applets-eyes-4.5.2-1-x86_64.pkg.tar.xz
packages/kdeplasma-addons-applets-fifteenpuzzle-4.5.2-1-i686.pkg.tar.xz
packages/kdeplasma-addons-applets-fifteenpuzzle-4.5.2-1-x86_64.pkg.tar.xz
packages/kdeplasma-addons-applets-filewatcher-4.5.2-1-i686.pkg.tar.xz
packages/kdeplasma-addons-applets-filewatcher-4.5.2-1-x86_64.pkg.tar.xz
packages/kdeplasma-addons-applets-frame-4.5.2-1-i686.pkg.tar.xz
packages/kdeplasma-addons-applets-frame-4.5.2-1-x86_64.pkg.tar.xz
packages/kdeplasma-addons-applets-fuzzy-clock-4.5.2-1-i686.pkg.tar.xz
packages/kdeplasma-addons-applets-fuzzy-clock-4.5.2-1-x86_64.pkg.tar.xz
packages/kdeplasma-addons-applets-incomingmsg-4.5.2-1-i686.pkg.tar.xz
packages/kdeplasma-addons-applets-incomingmsg-4.5.2-1-x86_64.pkg.tar.xz
packages/kdeplasma-addons-applets-kdeobservatory-4.5.2-1-i686.pkg.tar.xz
packages/kdeplasma-addons-applets-kdeobservatory-4.5.2-1-x86_64.pkg.tar.xz
packages/kdeplasma-addons-applets-kimpanel-4.5.2-1-i686.pkg.tar.xz
packages/kdeplasma-addons-applets-kimpanel-4.5.2-1-x86_64.pkg.tar.xz
packages/kdeplasma-addons-applets-knowledgebase-4.5.2-1-i686.pkg.tar.xz
packages/kdeplasma-addons-applets-knowledgebase-4.5.2-1-x86_64.pkg.tar.xz
packages/kdeplasma-addons-applets-kolourpicker-4.5.2-1-i686.pkg.tar.xz
packages/kdeplasma-addons-applets-kolourpicker-4.5.2-1-x86_64.pkg.tar.xz
packages/kdeplasma-addons-applets-konqprofiles-4.5.2-1-i686.pkg.tar.xz
packages/kdeplasma-addons-applets-konqprofiles-4.5.2-1-x86_64.pkg.tar.xz
packages/kdeplasma-addons-applets-konsoleprofiles-4.5.2-1-i686.pkg.tar.xz
packages/kdeplasma-addons-applets-konsoleprofiles-4.5.2-1-x86_64.pkg.tar.xz
packages/kdeplasma-addons-applets-lancelot-4.5.2-1-i686.pkg.tar.xz
packages/kdeplasma-addons-applets-lancelot-4.5.2-1-x86_64.pkg.tar.xz
packages/kdeplasma-addons-applets-leavenote-4.5.2-1-i686.pkg.tar.xz
packages/kdeplasma-addons-applets-leavenote-4.5.2-1-x86_64.pkg.tar.xz
packages/kdeplasma-addons-applets-life-4.5.2-1-i686.pkg.tar.xz
packages/kdeplasma-addons-applets-life-4.5.2-1-x86_64.pkg.tar.xz
packages/kdeplasma-addons-applets-luna-4.5.2-1-i686.pkg.tar.xz
packages/kdeplasma-addons-applets-luna-4.5.2-1-x86_64.pkg.tar.xz
packages/kdeplasma-addons-applets-magnifique-4.5.2-1-i686.pkg.tar.xz
packages/kdeplasma-addons-applets-magnifique-4.5.2-1-x86_64.pkg.tar.xz
packages/kdeplasma-addons-applets-mediaplayer-4.5.2-1-i686.pkg.tar.xz
packages/kdeplasma-addons-applets-mediaplayer-4.5.2-1-x86_64.pkg.tar.xz
packages/kdeplasma-addons-applets-microblog-4.5.2-1-i686.pkg.tar.xz
packages/kdeplasma-addons-applets-microblog-4.5.2-1-x86_64.pkg.tar.xz
packages/kdeplasma-addons-applets-news-4.5.2-1-i686.pkg.tar.xz
packages/kdeplasma-addons-applets-news-4.5.2-1-x86_64.pkg.tar.xz
packages/kdeplasma-addons-applets-notes-4.5.2-1-i686.pkg.tar.xz
packages/kdeplasma-addons-applets-notes-4.5.2-1-x86_64.pkg.tar.xz
packages/kdeplasma-addons-applets-nowplaying-4.5.2-1-i686.pkg.tar.xz
packages/kdeplasma-addons-applets-nowplaying-4.5.2-1-x86_64.pkg.tar.xz
packages/kdeplasma-addons-applets-paste-4.5.2-1-i686.pkg.tar.xz
packages/kdeplasma-addons-applets-paste-4.5.2-1-x86_64.pkg.tar.xz
packages/kdeplasma-addons-applets-pastebin-4.5.2-1-i686.pkg.tar.xz
packages/kdeplasma-addons-applets-pastebin-4.5.2-1-x86_64.pkg.tar.xz
packages/kdeplasma-addons-applets-plasmaboard-4.5.2-1-i686.pkg.tar.xz
packages/kdeplasma-addons-applets-plasmaboard-4.5.2-1-x86_64.pkg.tar.xz
packages/kdeplasma-addons-applets-previewer-4.5.2-1-i686.pkg.tar.xz
packages/kdeplasma-addons-applets-previewer-4.5.2-1-x86_64.pkg.tar.xz
packages/kdeplasma-addons-applets-qalculate-4.5.2-1-i686.pkg.tar.xz
packages/kdeplasma-addons-applets-qalculate-4.5.2-1-x86_64.pkg.tar.xz
packages/kdeplasma-addons-applets-rememberthemilk-4.5.2-1-i686.pkg.tar.xz
packages/kdeplasma-addons-applets-rememberthemilk-4.5.2-1-x86_64.pkg.tar.xz
packages/kdeplasma-addons-applets-rssnow-4.5.2-1-i686.pkg.tar.xz
packages/kdeplasma-addons-applets-rssnow-4.5.2-1-x86_64.pkg.tar.xz
packages/kdeplasma-addons-applets-showdashboard-4.5.2-1-i686.pkg.tar.xz
packages/kdeplasma-addons-applets-showdashboard-4.5.2-1-x86_64.pkg.tar.xz
packages/kdeplasma-addons-applets-showdesktop-4.5.2-1-i686.pkg.tar.xz
packages/kdeplasma-addons-applets-showdesktop-4.5.2-1-x86_64.pkg.tar.xz
packages/kdeplasma-addons-applets-social-news-4.5.2-1-i686.pkg.tar.xz
packages/kdeplasma-addons-applets-social-news-4.5.2-1-x86_64.pkg.tar.xz
packages/kdeplasma-addons-applets-spellcheck-4.5.2-1-i686.pkg.tar.xz
packages/kdeplasma-addons-applets-spellcheck-4.5.2-1-x86_64.pkg.tar.xz
packages/kdeplasma-addons-applets-systemloadviewer-4.5.2-1-i686.pkg.tar.xz
packages/kdeplasma-addons-applets-systemloadviewer-4.5.2-1-x86_64.pkg.tar.xz
packages/kdeplasma-addons-applets-timer-4.5.2-1-i686.pkg.tar.xz
packages/kdeplasma-addons-applets-timer-4.5.2-1-x86_64.pkg.tar.xz
packages/kdeplasma-addons-applets-unitconverter-4.5.2-1-i686.pkg.tar.xz
packages/kdeplasma-addons-applets-unitconverter-4.5.2-1-x86_64.pkg.tar.xz
packages/kdeplasma-addons-applets-weather-4.5.2-1-i686.pkg.tar.xz
packages/kdeplasma-addons-applets-weather-4.5.2-1-x86_64.pkg.tar.xz
packages/kdeplasma-addons-applets-weatherstation-4.5.2-1-i686.pkg.tar.xz
packages/kdeplasma-addons-applets-weatherstation-4.5.2-1-x86_64.pkg.tar.xz
packages/kdeplasma-addons-applets-webslice-4.5.2-1-i686.pkg.tar.xz
packages/kdeplasma-addons-applets-webslice-4.5.2-1-x86_64.pkg.tar.xz
packages/kdeplasma-addons-libs-4.5.2-1-i686.pkg.tar.xz
packages/kdeplasma-addons-libs-4.5.2-1-x86_64.pkg.tar.xz
packages/kdeplasma-addons-runners-audioplayercontrol-4.5.2-1-i686.pkg.tar.xz
packages/kdeplasma-addons-runners-audioplayercontrol-4.5.2-1-x86_64.pkg.tar.xz
packages/kdeplasma-addons-runners-browserhistory-4.5.2-1-i686.pkg.tar.xz
packages/kdeplasma-addons-runners-browserhistory-4.5.2-1-x86_64.pkg.tar.xz
packages/kdeplasma-addons-runners-characters-4.5.2-1-i686.pkg.tar.xz
packages/kdeplasma-addons-runners-characters-4.5.2-1-x86_64.pkg.tar.xz
packages/kdeplasma-addons-runners-contacts-4.5.2-1-i686.pkg.tar.xz
packages/kdeplasma-addons-runners-contacts-4.5.2-1-x86_64.pkg.tar.xz
packages/kdeplasma-addons-runners-converter-4.5.2-1-i686.pkg.tar.xz
packages/kdeplasma-addons-runners-converter-4.5.2-1-x86_64.pkg.tar.xz
packages/kdeplasma-addons-runners-datetime-4.5.2-1-i686.pkg.tar.xz
packages/kdeplasma-addons-runners-datetime-4.5.2-1-x86_64.pkg.tar.xz
packages/kdeplasma-addons-runners-katesessions-4.5.2-1-i686.pkg.tar.xz
packages/kdeplasma-addons-runners-katesessions-4.5.2-1-x86_64.pkg.tar.xz
packages/kdeplasma-addons-runners-konquerorsessions-4.5.2-1-i686.pkg.tar.xz
packages/kdeplasma-addons-runners-konquerorsessions-4.5.2-1-x86_64.pkg.tar.xz
packages/kdeplasma-addons-runners-konsolesessions-4.5.2-1-i686.pkg.tar.xz
packages/kdeplasma-addons-runners-konsolesessions-4.5.2-1-x86_64.pkg.tar.xz
packages/kdeplasma-addons-runners-kopete-4.5.2-1-i686.pkg.tar.xz
packages/kdeplasma-addons-runners-kopete-4.5.2-1-x86_64.pkg.tar.xz
packages/kdeplasma-addons-runners-mediawiki-4.5.2-1-i686.pkg.tar.xz
packages/kdeplasma-addons-runners-mediawiki-4.5.2-1-x86_64.pkg.tar.xz
packages/kdeplasma-addons-runners-spellchecker-4.5.2-1-i686.pkg.tar.xz
packages/kdeplasma-addons-runners-spellchecker-4.5.2-1-x86_64.pkg.tar.xz
packages/kdeplasma-addons-wallpapers-mandelbrot-4.5.2-1-i686.pkg.tar.xz
packages/kdeplasma-addons-wallpapers-mandelbrot-4.5.2-1-x86_64.pkg.tar.xz
packages/kdeplasma-addons-wallpapers-marble-4.5.2-1-i686.pkg.tar.xz
packages/kdeplasma-addons-wallpapers-marble-4.5.2-1-x86_64.pkg.tar.xz
packages/kdeplasma-addons-wallpapers-pattern-4.5.2-1-i686.pkg.tar.xz
packages/kdeplasma-addons-wallpapers-pattern-4.5.2-1-x86_64.pkg.tar.xz
packages/kdeplasma-addons-wallpapers-virus-4.5.2-1-i686.pkg.tar.xz
packages/kdeplasma-addons-wallpapers-virus-4.5.2-1-x86_64.pkg.tar.xz
packages/kdeplasma-addons-wallpapers-weather-4.5.2-1-i686.pkg.tar.xz
packages/kdeplasma-addons-wallpapers-weather-4.5.2-1-x86_64.pkg.tar.xz
packages/kdeplasma-applets-networkmanagement-svn1182081-1-i686.pkg.tar.xz
packages/kdeplasma-applets-networkmanagement-svn1182081-1-x86_64.pkg.tar.xz
packages/kdesdk-cervisia-4.5.2-1-i686.pkg.tar.xz
packages/kdesdk-cervisia-4.5.2-1-x86_64.pkg.tar.xz
packages/kdesdk-dolphin-plugins-4.5.2-1-i686.pkg.tar.xz
packages/kdesdk-dolphin-plugins-4.5.2-1-x86_64.pkg.tar.xz
packages/kdesdk-kapptemplate-4.5.2-1-i686.pkg.tar.xz
packages/kdesdk-kapptemplate-4.5.2-1-x86_64.pkg.tar.xz
packages/kdesdk-kate-4.5.2-1-i686.pkg.tar.xz
packages/kdesdk-kate-4.5.2-1-x86_64.pkg.tar.xz
packages/kdesdk-kbugbuster-4.5.2-1-i686.pkg.tar.xz
packages/kdesdk-kbugbuster-4.5.2-1-x86_64.pkg.tar.xz
packages/kdesdk-kcachegrind-4.5.2-1-i686.pkg.tar.xz
packages/kdesdk-kcachegrind-4.5.2-1-x86_64.pkg.tar.xz
packages/kdesdk-kdeaccounts-plugin-4.5.2-1-i686.pkg.tar.xz
packages/kdesdk-kdeaccounts-plugin-4.5.2-1-x86_64.pkg.tar.xz
packages/kdesdk-kdepalettes-4.5.2-1-i686.pkg.tar.xz
packages/kdesdk-kdepalettes-4.5.2-1-x86_64.pkg.tar.xz
packages/kdesdk-kioslave-4.5.2-1-i686.pkg.tar.xz
packages/kdesdk-kioslave-4.5.2-1-x86_64.pkg.tar.xz
packages/kdesdk-kmtrace-4.5.2-1-i686.pkg.tar.xz
packages/kdesdk-kmtrace-4.5.2-1-x86_64.pkg.tar.xz
packages/kdesdk-kompare-4.5.2-1-i686.pkg.tar.xz
packages/kdesdk-kompare-4.5.2-1-x86_64.pkg.tar.xz
packages/kdesdk-kpartloader-4.5.2-1-i686.pkg.tar.xz
packages/kdesdk-kpartloader-4.5.2-1-x86_64.pkg.tar.xz
packages/kdesdk-kprofilemethod-4.5.2-1-i686.pkg.tar.xz
packages/kdesdk-kprofilemethod-4.5.2-1-x86_64.pkg.tar.xz
packages/kdesdk-kstartperf-4.5.2-1-i686.pkg.tar.xz
packages/kdesdk-kstartperf-4.5.2-1-x86_64.pkg.tar.xz
packages/kdesdk-kuiviewer-4.5.2-1-i686.pkg.tar.xz
packages/kdesdk-kuiviewer-4.5.2-1-x86_64.pkg.tar.xz
packages/kdesdk-lokalize-4.5.2-1-i686.pkg.tar.xz
packages/kdesdk-lokalize-4.5.2-1-x86_64.pkg.tar.xz
packages/kdesdk-poxml-4.5.2-1-i686.pkg.tar.xz
packages/kdesdk-poxml-4.5.2-1-x86_64.pkg.tar.xz
packages/kdesdk-scripts-4.5.2-1-i686.pkg.tar.xz
packages/kdesdk-scripts-4.5.2-1-x86_64.pkg.tar.xz
packages/kdesdk-strigi-analyzer-4.5.2-1-i686.pkg.tar.xz
packages/kdesdk-strigi-analyzer-4.5.2-1-x86_64.pkg.tar.xz
packages/kdesdk-umbrello-4.5.2-1-i686.pkg.tar.xz
packages/kdesdk-umbrello-4.5.2-1-x86_64.pkg.tar.xz
packages/kdetoys-amor-4.5.2-1-i686.pkg.tar.xz
packages/kdetoys-amor-4.5.2-1-x86_64.pkg.tar.xz
packages/kdetoys-kteatime-4.5.2-1-i686.pkg.tar.xz
packages/kdetoys-kteatime-4.5.2-1-x86_64.pkg.tar.xz
packages/kdetoys-ktux-4.5.2-1-i686.pkg.tar.xz
packages/kdetoys-ktux-4.5.2-1-x86_64.pkg.tar.xz
packages/kdeutils-ark-4.5.2-1-i686.pkg.tar.xz
packages/kdeutils-ark-4.5.2-1-x86_64.pkg.tar.xz
packages/kdeutils-ark-4.5.2-2-i686.pkg.tar.xz
packages/kdeutils-ark-4.5.2-2-x86_64.pkg.tar.xz
packages/kdeutils-kcalc-4.5.2-1-i686.pkg.tar.xz
packages/kdeutils-kcalc-4.5.2-1-x86_64.pkg.tar.xz
packages/kdeutils-kcalc-4.5.2-2-i686.pkg.tar.xz
packages/kdeutils-kcalc-4.5.2-2-x86_64.pkg.tar.xz
packages/kdeutils-kcharselect-4.5.2-1-i686.pkg.tar.xz
packages/kdeutils-kcharselect-4.5.2-1-x86_64.pkg.tar.xz
packages/kdeutils-kcharselect-4.5.2-2-i686.pkg.tar.xz
packages/kdeutils-kcharselect-4.5.2-2-x86_64.pkg.tar.xz
packages/kdeutils-kdf-4.5.2-1-i686.pkg.tar.xz
packages/kdeutils-kdf-4.5.2-1-x86_64.pkg.tar.xz
packages/kdeutils-kdf-4.5.2-2-i686.pkg.tar.xz
packages/kdeutils-kdf-4.5.2-2-x86_64.pkg.tar.xz
packages/kdeutils-kfloppy-4.5.2-1-i686.pkg.tar.xz
packages/kdeutils-kfloppy-4.5.2-1-x86_64.pkg.tar.xz
packages/kdeutils-kfloppy-4.5.2-2-i686.pkg.tar.xz
packages/kdeutils-kfloppy-4.5.2-2-x86_64.pkg.tar.xz
packages/kdeutils-kgpg-4.5.2-1-i686.pkg.tar.xz
packages/kdeutils-kgpg-4.5.2-1-x86_64.pkg.tar.xz
packages/kdeutils-kgpg-4.5.2-2-i686.pkg.tar.xz
packages/kdeutils-kgpg-4.5.2-2-x86_64.pkg.tar.xz
packages/kdeutils-kremotecontrol-4.5.2-1-i686.pkg.tar.xz
packages/kdeutils-kremotecontrol-4.5.2-1-x86_64.pkg.tar.xz
packages/kdeutils-kremotecontrol-4.5.2-2-i686.pkg.tar.xz
packages/kdeutils-kremotecontrol-4.5.2-2-x86_64.pkg.tar.xz
packages/kdeutils-ktimer-4.5.2-1-i686.pkg.tar.xz
packages/kdeutils-ktimer-4.5.2-1-x86_64.pkg.tar.xz
packages/kdeutils-ktimer-4.5.2-2-i686.pkg.tar.xz
packages/kdeutils-ktimer-4.5.2-2-x86_64.pkg.tar.xz
packages/kdeutils-kwallet-4.5.2-1-i686.pkg.tar.xz
packages/kdeutils-kwallet-4.5.2-1-x86_64.pkg.tar.xz
packages/kdeutils-kwallet-4.5.2-2-i686.pkg.tar.xz
packages/kdeutils-kwallet-4.5.2-2-x86_64.pkg.tar.xz
packages/kdeutils-okteta-4.5.2-1-i686.pkg.tar.xz
packages/kdeutils-okteta-4.5.2-1-x86_64.pkg.tar.xz
packages/kdeutils-okteta-4.5.2-2-i686.pkg.tar.xz
packages/kdeutils-okteta-4.5.2-2-x86_64.pkg.tar.xz
packages/kdeutils-printer-applet-4.5.2-1-i686.pkg.tar.xz
packages/kdeutils-printer-applet-4.5.2-1-x86_64.pkg.tar.xz
packages/kdeutils-printer-applet-4.5.2-2-i686.pkg.tar.xz
packages/kdeutils-printer-applet-4.5.2-2-x86_64.pkg.tar.xz
packages/kdeutils-superkaramba-4.5.2-1-i686.pkg.tar.xz
packages/kdeutils-superkaramba-4.5.2-1-x86_64.pkg.tar.xz
packages/kdeutils-superkaramba-4.5.2-2-i686.pkg.tar.xz
packages/kdeutils-superkaramba-4.5.2-2-x86_64.pkg.tar.xz
packages/kdeutils-sweeper-4.5.2-1-i686.pkg.tar.xz
packages/kdeutils-sweeper-4.5.2-1-x86_64.pkg.tar.xz
packages/kdeutils-sweeper-4.5.2-2-i686.pkg.tar.xz
packages/kdeutils-sweeper-4.5.2-2-x86_64.pkg.tar.xz
packages/kdewebdev-kfilereplace-4.5.2-1-i686.pkg.tar.xz
packages/kdewebdev-kfilereplace-4.5.2-1-x86_64.pkg.tar.xz
packages/kdewebdev-kimagemapeditor-4.5.2-1-i686.pkg.tar.xz
packages/kdewebdev-kimagemapeditor-4.5.2-1-x86_64.pkg.tar.xz
packages/kdewebdev-klinkstatus-4.5.2-1-i686.pkg.tar.xz
packages/kdewebdev-klinkstatus-4.5.2-1-x86_64.pkg.tar.xz
packages/kdewebdev-kommander-4.5.2-1-i686.pkg.tar.xz
packages/kdewebdev-kommander-4.5.2-1-x86_64.pkg.tar.xz
packages/kmplayer-0.11.2c-1-i686.pkg.tar.xz
packages/kmplayer-0.11.2c-1-x86_64.pkg.tar.xz
packages/libpng-1.4.4-1-i686.pkg.tar.xz
packages/libpng-1.4.4-1-x86_64.pkg.tar.xz
packages/libsndfile-1.0.22-1-i686.pkg.tar.xz
packages/libsndfile-1.0.22-1-x86_64.pkg.tar.xz
packages/lsof-4.84-1-i686.pkg.tar.xz
packages/lsof-4.84-1-x86_64.pkg.tar.xz
packages/mutt-1.5.21-1-i686.pkg.tar.xz
packages/mutt-1.5.21-1-x86_64.pkg.tar.xz
packages/openoffice-base-3.2.1-2-i686.pkg.tar.xz
packages/openoffice-base-3.2.1-2-x86_64.pkg.tar.xz
